Build started 1/22/2010 12:26:46 PM.
     1>Project "D:\Projects\Far\Newarc\Modules\ma\Build\VS2010\ma.2010.vcxproj" on node 1 (build target(s)).
     1>_PrepareForBuild:
         Creating "..\..\Bin\Release Unicode\ma.unsuccessfulbuild" because "AlwaysCreate" was specified.
       ClCompile:
         C:\Program Files\Microsoft Visual Studio 10.0\VC\bin\CL.exe /c /I../../Include /I../../../../Framework/Include /Zi /nologo /W1 /WX- /O1 /Os /Oy /GL /D _WINDLL /D _UNICODE /D UNICODE /GF /Gm- /MT /Zp1 /GS- /Gy- /fp:precise /Zc:wchar_t /Zc:forScope /GR- /Fo"..\..\Bin\Release Unicode\\" /Fd"..\..\Bin\Release Unicode\vc100.pdb" /Gd /TP /analyze- /errorReport:prompt ..\..\..\..\Framework\Src\FarDialog.cpp
         FarDialog.cpp
     1>C:\Program Files\MSBuild\Microsoft.Cpp\v4.0\Microsoft.CppBuild.targets(935,5): warning MSB8012: TargetPath(D:\Projects\Far\Newarc\Modules\ma\Build\VS2010\..\..\..\..\Bin\Release Unicode\Modules\ma\ma.module) does not match the Linker's OutputFile property value (D:\Projects\Far\Newarc\Bin\Release Unicode\Modules\ma\ma.module). This may cause your project to build incorrectly. To correct this, please make sure that $(OutDir), $(TargetName) and $(TargetExt) property values match the value specified in %(Link.OutputFile).
       Link:
         C:\Program Files\Microsoft Visual Studio 10.0\VC\bin\link.exe /ERRORREPORT:PROMPT /OUT:"..\..\..\..\Bin\Release Unicode\Modules\ma\ma.module" /NOLOGO kernel32.lib user32.lib gdi32.lib winspool.lib comdlg32.lib advapi32.lib shell32.lib ole32.lib oleaut32.lib uuid.lib odbc32.lib odbccp32.lib /DEF:"../../ma.def" /MANIFEST:NO /PDB:"D:\Projects\Far\Newarc\Bin\Release Unicode\Modules\ma\ma.pdb" /OPT:REF /OPT:ICF /LTCG /TLBID:1 /DYNAMICBASE /NXCOMPAT /IMPLIB:"..\..\..\..\Bin\Release Unicode\Modules\ma\ma.lib" /MACHINE:X86 /DLL "..\..\Bin\Release Unicode\debug.obj"
         "..\..\Bin\Release Unicode\FarApi.obj"
         "..\..\Bin\Release Unicode\FarDialog.obj"
         "..\..\Bin\Release Unicode\FarLng.obj"
         "..\..\Bin\Release Unicode\FarPagedDialog.obj"
         "..\..\Bin\Release Unicode\FarRegistry.obj"
         "..\..\Bin\Release Unicode\makeguid.obj"
         "..\..\Bin\Release Unicode\rtl.Hook.obj"
         "..\..\Bin\Release Unicode\rtl.Kernel.obj"
         "..\..\Bin\Release Unicode\rtl.Misc.obj"
         "..\..\Bin\Release Unicode\rtl.Strings.obj"
         "..\..\Bin\Release Unicode\Rtl.Thunks.obj"
         "..\..\Bin\Release Unicode\strmix.obj"
         "..\..\Bin\Release Unicode\SystemApi.obj"
         "..\..\Bin\Release Unicode\UnicodeAnsi.obj"
         "..\..\Bin\Release Unicode\ma.Archive.obj"
         "..\..\Bin\Release Unicode\ma.obj"
         "..\..\Bin\Release Unicode\ma.Module.obj"
         "..\..\Bin\Release Unicode\ma.Plugin.obj"
            Creating library ..\..\..\..\Bin\Release Unicode\Modules\ma\ma.lib and object ..\..\..\..\Bin\Release Unicode\Modules\ma\ma.exp
         Generating code
         Finished generating code
         ma.2010.vcxproj -> D:\Projects\Far\Newarc\Modules\ma\Build\VS2010\..\..\..\..\Bin\Release Unicode\Modules\ma\ma.module
       _AfterBuild:
         Deleting file "..\..\Bin\Release Unicode\ma.unsuccessfulbuild".
         Touching "..\..\Bin\Release Unicode\ma.lastbuildstate".
     1>Done Building Project "D:\Projects\Far\Newarc\Modules\ma\Build\VS2010\ma.2010.vcxproj" (build target(s)).

Build succeeded.

Time Elapsed 00:00:02.12
