Build started 1/22/2010 10:15:23 AM.
     1>Project "D:\Projects\Far\Newarc\Newarc\Build\VS2010\newarc.2010.vcxproj" on node 13 (build target(s)).
     1>_PrepareForBuild:
         Touching "..\..\Bin\Release Unicode\newarc.unsuccessfulbuild".
       ClCompile:
         All outputs are up-to-date.
       ResourceCompile:
         All outputs are up-to-date.
       Link:
         C:\Program Files\Microsoft Visual Studio 10.0\VC\bin\link.exe /ERRORREPORT:PROMPT /OUT:"C:\System Independent Files\Manager\Far\Plugins\newarc\newarc.dll" /NOLOGO kernel32.lib user32.lib gdi32.lib winspool.lib comdlg32.lib advapi32.lib shell32.lib ole32.lib oleaut32.lib uuid.lib odbc32.lib odbccp32.lib /DEF:"../../newarcW.def" /MANIFEST:NO /PDB:"C:\System Independent Files\Manager\Far\Plugins\newarc\newarc.pdb" /OPT:REF /OPT:ICF /LTCG /TLBID:1 /DYNAMICBASE /NXCOMPAT /IMPLIB:"C:\System Independent Files\Manager\Far\Plugins\newarc\newarc.lib" /MACHINE:X86 /DLL "..\..\Bin\Release Unicode\newarc.res"
         "..\..\Bin\Release Unicode\debug.obj"
         "..\..\Bin\Release Unicode\FarDialog.obj"
         "..\..\Bin\Release Unicode\farlng.obj"
         "..\..\Bin\Release Unicode\farnew.obj"
         "..\..\Bin\Release Unicode\FarPagedDialog.obj"
         "..\..\Bin\Release Unicode\FarRegistry.obj"
         "..\..\Bin\Release Unicode\rtl.Hook.obj"
         "..\..\Bin\Release Unicode\rtl.Kernel.obj"
         "..\..\Bin\Release Unicode\rtl.Memory.obj"
         "..\..\Bin\Release Unicode\rtl.Misc.obj"
         "..\..\Bin\Release Unicode\rtl.Strings.obj"
         "..\..\Bin\Release Unicode\Rtl.Thunks.obj"
         "..\..\Bin\Release Unicode\strmix.obj"
         "..\..\Bin\Release Unicode\newarc.Archive.obj"
         "..\..\Bin\Release Unicode\newarc.obj"
         "..\..\Bin\Release Unicode\newarc.Filter.obj"
         "..\..\Bin\Release Unicode\newarc.Format.obj"
         "..\..\Bin\Release Unicode\newarc.Module.obj"
         "..\..\Bin\Release Unicode\newarc.ModuleManager.obj"
         "..\..\Bin\Release Unicode\newarc.Panel.obj"
         "..\..\Bin\Release Unicode\newarc.Plugin.obj"
            Creating library C:\System Independent Files\Manager\Far\Plugins\newarc\newarc.lib and object C:\System Independent Files\Manager\Far\Plugins\newarc\newarc.exp
         Generating code
         Finished generating code
         newarc.2010.vcxproj -> C:\System Independent Files\Manager\Far\Plugins\newarc\newarc.dll
       _AfterBuild:
         Deleting file "..\..\Bin\Release Unicode\newarc.unsuccessfulbuild".
         Touching "..\..\Bin\Release Unicode\newarc.lastbuildstate".
     1>Done Building Project "D:\Projects\Far\Newarc\Newarc\Build\VS2010\newarc.2010.vcxproj" (build target(s)).

Build succeeded.

Time Elapsed 00:00:02.89
